<?xml version="1.0" encoding="UTF-8"?>
<!-- Generated by org.testng.reporters.JUnitReportReporter -->
<testsuite hostname="HarshalT-PC" name="com.bec.reporting.tests.BromiumTests" tests="2" failures="0" timestamp="24 Jun 2019 12:36:25 GMT" time="17.871" errors="0">
  <testcase name="testOpenYoutube" time="11.933" classname="com.bec.reporting.tests.BromiumTests"/>
  <testcase name="testOpenGmail" time="5.938" classname="com.bec.reporting.tests.BromiumTests"/>
</testsuite> <!-- com.bec.reporting.tests.BromiumTests -->
